# JRE version: Java(TM) SE Runtime Environment (8.0_111-b14) (build 1.8.0_111-b14)
# Java VM: Java HotSpot(TM) 64-Bit Server VM (25.111-b14 mixed mode bsd-amd64 compressed oops)
Heap:
 PSYoungGen      total 1286144K, used 259822K [0x000000076ab00000, 0x00000007be200000, 0x00000007c0000000)
  eden space 1211392K, 19% used [0x000000076ab00000,0x0000000778d59450,0x00000007b4a00000)
  from space 74752K, 37% used [0x00000007b9900000,0x00000007bb462778,0x00000007be200000)
  to   space 77824K, 0% used [0x00000007b4a00000,0x00000007b4a00000,0x00000007b9600000)
 ParOldGen       total 431616K, used 123268K [0x00000006c0000000, 0x00000006da580000, 0x000000076ab00000)
  object space 431616K, 28% used [0x00000006c0000000,0x00000006c7861370,0x00000006da580000)
 Metaspace       used 103342K, capacity 104383K, committed 104872K, reserved 1138688K
  class space    used 15209K, capacity 15499K, committed 15536K, reserved 1048576K
GC Heap History (10 events):
Event: 267.175 GC heap before
{Heap before GC invocations=18 (full 3):
 PSYoungGen      total 955392K, used 955381K [0x000000076ab00000, 0x00000007a9500000, 0x00000007c0000000)
  eden space 915456K, 100% used [0x000000076ab00000,0x00000007a2900000,0x00000007a2900000)
  from space 39936K, 99% used [0x00000007a6e00000,0x00000007a94fd7c0,0x00000007a9500000)
  to   space 48128K, 0% used [0x00000007a3700000,0x00000007a3700000,0x00000007a6600000)
 ParOldGen       total 275456K, used 63219K [0x00000006c0000000, 0x00000006d0d00000, 0x000000076ab00000)
  object space 275456K, 22% used [0x00000006c0000000,0x00000006c3dbcdf0,0x00000006d0d00000)
 Metaspace       used 82149K, capacity 82811K, committed 83376K, reserved 1120256K
  class space    used 11913K, capacity 12141K, committed 12208K, reserved 1048576K
Event: 267.213 GC heap after
Heap after GC invocations=18 (full 3):
 PSYoungGen      total 977920K, used 48112K [0x000000076ab00000, 0x00000007b5d80000, 0x00000007c0000000)
  eden space 929792K, 0% used [0x000000076ab00000,0x000000076ab00000,0x00000007a3700000)
  from space 48128K, 99% used [0x00000007a3700000,0x00000007a65fc398,0x00000007a6600000)
  to   space 56320K, 0% used [0x00000007b2680000,0x00000007b2680000,0x00000007b5d80000)
 ParOldGen       total 275456K, used 67433K [0x00000006c0000000, 0x00000006d0d00000, 0x000000076ab00000)
  object space 275456K, 24% used [0x00000006c0000000,0x00000006c41da480,0x00000006d0d00000)
 Metaspace       used 82149K, capacity 82811K, committed 83376K, reserved 1120256K
  class space    used 11913K, capacity 12141K, committed 12208K, reserved 1048576K
}
Event: 546.827 GC heap before
{Heap before GC invocations=19 (full 3):
 PSYoungGen      total 977920K, used 977904K [0x000000076ab00000, 0x00000007b5d80000, 0x00000007c0000000)
  eden space 929792K, 100% used [0x000000076ab00000,0x00000007a3700000,0x00000007a3700000)
  from space 48128K, 99% used [0x00000007a3700000,0x00000007a65fc398,0x00000007a6600000)
  to   space 56320K, 0% used [0x00000007b2680000,0x00000007b2680000,0x00000007b5d80000)
 ParOldGen       total 275456K, used 67433K [0x00000006c0000000, 0x00000006d0d00000, 0x000000076ab00000)
  object space 275456K, 24% used [0x00000006c0000000,0x00000006c41da480,0x00000006d0d00000)
 Metaspace       used 88272K, capacity 89157K, committed 89648K, reserved 1126400K
  class space    used 12775K, capacity 13010K, committed 13104K, reserved 1048576K
Event: 546.862 GC heap after
Heap after GC invocations=19 (full 3):
 PSYoungGen      total 1157120K, used 56317K [0x000000076ab00000, 0x00000007b5d80000, 0x00000007c0000000)
  eden space 1100800K, 0% used [0x000000076ab00000,0x000000076ab00000,0x00000007ade00000)
  from space 56320K, 99% used [0x00000007b2680000,0x00000007b5d7f4c0,0x00000007b5d80000)
  to   space 65024K, 0% used [0x00000007ade80000,0x00000007ade80000,0x00000007b1e00000)
 ParOldGen       total 275456K, used 67804K [0x00000006c0000000, 0x00000006d0d00000, 0x000000076ab00000)
  object space 275456K, 24% used [0x00000006c0000000,0x00000006c4237248,0x00000006d0d00000)
 Metaspace       used 88272K, capacity 89157K, committed 89648K, reserved 1126400K
  class space    used 12775K, capacity 13010K, committed 13104K, reserved 1048576K
}
Event: 813.071 GC heap before
{Heap before GC invocations=20 (full 3):
 PSYoungGen      total 1157120K, used 957551K [0x000000076ab00000, 0x00000007b5d80000, 0x00000007c0000000)
  eden space 1100800K, 81% used [0x000000076ab00000,0x00000007a1b1c890,0x00000007ade00000)
  from space 56320K, 99% used [0x00000007b2680000,0x00000007b5d7f4c0,0x00000007b5d80000)
  to   space 65024K, 0% used [0x00000007ade80000,0x00000007ade80000,0x00000007b1e00000)
 ParOldGen       total 275456K, used 67804K [0x00000006c0000000, 0x00000006d0d00000, 0x000000076ab00000)
  object space 275456K, 24% used [0x00000006c0000000,0x00000006c4237248,0x00000006d0d00000)
 Metaspace       used 97201K, capacity 98187K, committed 98600K, reserved 1132544K
  class space    used 14316K, capacity 14579K, committed 14640K, reserved 1048576K
Event: 813.122 GC heap after
Heap after GC invocations=20 (full 3):
 PSYoungGen      total 1166336K, used 65005K [0x000000076ab00000, 0x00000007be880000, 0x00000007c0000000)
  eden space 1101312K, 0% used [0x000000076ab00000,0x000000076ab00000,0x00000007ade80000)
  from space 65024K, 99% used [0x00000007ade80000,0x00000007b1dfb7a8,0x00000007b1e00000)
  to   space 81408K, 0% used [0x00000007b9900000,0x00000007b9900000,0x00000007be880000)
 ParOldGen       total 275456K, used 86041K [0x00000006c0000000, 0x00000006d0d00000, 0x000000076ab00000)
  object space 275456K, 31% used [0x00000006c0000000,0x00000006c5406668,0x00000006d0d00000)
 Metaspace       used 97201K, capacity 98187K, committed 98600K, reserved 1132544K
  class space    used 14316K, capacity 14579K, committed 14640K, reserved 1048576K
}
Event: 813.122 GC heap before
{Heap before GC invocations=21 (full 4):
 PSYoungGen      total 1166336K, used 65005K [0x000000076ab00000, 0x00000007be880000, 0x00000007c0000000)
  eden space 1101312K, 0% used [0x000000076ab00000,0x000000076ab00000,0x00000007ade80000)
  from space 65024K, 99% used [0x00000007ade80000,0x00000007b1dfb7a8,0x00000007b1e00000)
  to   space 81408K, 0% used [0x00000007b9900000,0x00000007b9900000,0x00000007be880000)
 ParOldGen       total 275456K, used 86041K [0x00000006c0000000, 0x00000006d0d00000, 0x000000076ab00000)
  object space 275456K, 31% used [0x00000006c0000000,0x00000006c5406668,0x00000006d0d00000)
 Metaspace       used 97201K, capacity 98187K, committed 98600K, reserved 1132544K
  class space    used 14316K, capacity 14579K, committed 14640K, reserved 1048576K
Event: 813.507 GC heap after
Heap after GC invocations=21 (full 4):
 PSYoungGen      total 1166336K, used 0K [0x000000076ab00000, 0x00000007be880000, 0x00000007c0000000)
  eden space 1101312K, 0% used [0x000000076ab00000,0x000000076ab00000,0x00000007ade80000)
  from space 65024K, 0% used [0x00000007ade80000,0x00000007ade80000,0x00000007b1e00000)
  to   space 81408K, 0% used [0x00000007b9900000,0x00000007b9900000,0x00000007be880000)
 ParOldGen       total 431616K, used 123260K [0x00000006c0000000, 0x00000006da580000, 0x000000076ab00000)
  object space 431616K, 28% used [0x00000006c0000000,0x00000006c785f370,0x00000006da580000)
 Metaspace       used 97186K, capacity 98163K, committed 98600K, reserved 1132544K
  class space    used 14314K, capacity 14575K, committed 14640K, reserved 1048576K
}
Event: 2078.125 GC heap before
{Heap before GC invocations=22 (full 4):
 PSYoungGen      total 1166336K, used 1101312K [0x000000076ab00000, 0x00000007be880000, 0x00000007c0000000)
  eden space 1101312K, 100% used [0x000000076ab00000,0x00000007ade80000,0x00000007ade80000)
  from space 65024K, 0% used [0x00000007ade80000,0x00000007ade80000,0x00000007b1e00000)
  to   space 81408K, 0% used [0x00000007b9900000,0x00000007b9900000,0x00000007be880000)
 ParOldGen       total 431616K, used 123260K [0x00000006c0000000, 0x00000006da580000, 0x000000076ab00000)
  object space 431616K, 28% used [0x00000006c0000000,0x00000006c785f370,0x00000006da580000)
 Metaspace       used 101831K, capacity 102899K, committed 103336K, reserved 1136640K
  class space    used 14966K, capacity 15239K, committed 15280K, reserved 1048576K
Event: 2078.245 GC heap after
Heap after GC invocations=22 (full 4):
 PSYoungGen      total 1286144K, used 28041K [0x000000076ab00000, 0x00000007be200000, 0x00000007c0000000)
  eden space 1211392K, 0% used [0x000000076ab00000,0x000000076ab00000,0x00000007b4a00000)
  from space 74752K, 37% used [0x00000007b9900000,0x00000007bb462778,0x00000007be200000)
  to   space 77824K, 0% used [0x00000007b4a00000,0x00000007b4a00000,0x00000007b9600000)
 ParOldGen       total 431616K, used 123268K [0x00000006c0000000, 0x00000006da580000, 0x000000076ab00000)
  object space 431616K, 28% used [0x00000006c0000000,0x00000006c7861370,0x00000006da580000)
 Metaspace       used 101831K, capacity 102899K, committed 103336K, reserved 1136640K
  class space    used 14966K, capacity 15239K, committed 15280K, reserved 1048576K
}

